2023-02-18 14:08:41.454 [info] Log level: Info
2023-02-18 14:08:41.454 [info] Validating found git in: "git"
2023-02-18 14:08:41.454 [info] Using git "2.35.1" from "git"
2023-02-18 14:08:41.454 [info] > git rev-parse --show-toplevel [26ms]
2023-02-18 14:08:41.454 [info] fatal: not a git repository (or any of the parent directories): .git
2023-02-18 14:08:41.454 [info] > git rev-parse --show-toplevel [7ms]
2023-02-18 14:08:41.454 [info] fatal: not a git repository (or any of the parent directories): .git
2023-02-18 14:08:41.454 [info] > git rev-parse --show-toplevel [9ms]
2023-02-18 14:08:41.454 [info] fatal: not a git repository (or any of the parent directories): .git
2023-02-18 14:08:41.454 [info] > git rev-parse --show-toplevel [7ms]
2023-02-18 14:08:41.454 [info] fatal: not a git repository (or any of the parent directories): .git
2023-02-18 14:08:41.456 [info] > git rev-parse --show-toplevel [12ms]
2023-02-18 14:08:41.456 [info] fatal: not a git repository (or any of the parent directories): .git
2023-02-18 14:08:41.483 [info] > git rev-parse --show-toplevel [6ms]
2023-02-18 14:08:41.483 [info] fatal: not a git repository (or any of the parent directories): .git
2023-02-18 14:08:41.532 [info] > git rev-parse --show-toplevel [39ms]
2023-02-18 14:08:41.532 [info] fatal: not a git repository (or any of the parent directories): .git
2023-02-18 14:08:41.589 [info] > git rev-parse --show-toplevel [47ms]
2023-02-18 14:08:41.590 [info] fatal: not a git repository (or any of the parent directories): .git
2023-02-18 14:08:41.609 [info] > git rev-parse --show-toplevel [4ms]
2023-02-18 14:08:41.609 [info] fatal: not a git repository (or any of the parent directories): .git
2023-02-18 14:08:41.631 [info] > git rev-parse --show-toplevel [10ms]
2023-02-18 14:08:41.631 [info] fatal: not a git repository (or any of the parent directories): .git
2023-02-18 14:08:41.647 [info] > git rev-parse --show-toplevel [5ms]
2023-02-18 14:08:41.647 [info] fatal: not a git repository (or any of the parent directories): .git
2023-02-18 14:08:41.666 [info] > git rev-parse --show-toplevel [6ms]
2023-02-18 14:08:41.666 [info] fatal: not a git repository (or any of the parent directories): .git
2023-02-18 14:08:41.683 [info] > git rev-parse --show-toplevel [3ms]
2023-02-18 14:08:41.683 [info] fatal: not a git repository (or any of the parent directories): .git
2023-02-18 14:08:41.695 [info] > git rev-parse --show-toplevel [3ms]
2023-02-18 14:08:41.695 [info] fatal: not a git repository (or any of the parent directories): .git
2023-02-18 14:08:41.711 [info] > git rev-parse --show-toplevel [3ms]
2023-02-18 14:08:41.711 [info] fatal: not a git repository (or any of the parent directories): .git
2023-02-18 14:08:41.732 [info] > git rev-parse --show-toplevel [9ms]
2023-02-18 14:08:41.732 [info] fatal: not a git repository (or any of the parent directories): .git
2023-02-18 14:08:41.987 [info] > git rev-parse --show-toplevel [10ms]
2023-02-18 14:08:41.987 [info] fatal: not a git repository (or any of the parent directories): .git
2023-02-18 14:08:42.175 [info] > git rev-parse --show-toplevel [10ms]
2023-02-18 14:08:42.175 [info] fatal: not a git repository (or any of the parent directories): .git
2023-02-18 14:08:42.650 [info] > git rev-parse --show-toplevel [9ms]
2023-02-18 14:08:42.650 [info] fatal: not a git repository (or any of the parent directories): .git
2023-02-18 14:08:43.476 [info] > git rev-parse --show-toplevel [6ms]
2023-02-18 14:08:43.476 [info] fatal: not a git repository (or any of the parent directories): .git
2023-02-18 14:09:10.749 [info] > git rev-parse --show-toplevel [3ms]
2023-02-18 14:09:10.750 [info] fatal: not a git repository (or any of the parent directories): .git
2023-02-18 14:09:13.043 [info] > git rev-parse --show-toplevel [1ms]
2023-02-18 14:09:13.043 [info] fatal: not a git repository (or any of the parent directories): .git
2023-02-18 14:09:22.598 [info] > git rev-parse --show-toplevel [2ms]
2023-02-18 14:09:22.598 [info] fatal: not a git repository (or any of the parent directories): .git
2023-02-18 14:09:23.034 [info] > git rev-parse --show-toplevel [2ms]
2023-02-18 14:09:23.034 [info] fatal: not a git repository (or any of the parent directories): .git
2023-02-18 14:09:23.755 [info] > git rev-parse --show-toplevel [4ms]
2023-02-18 14:09:23.755 [info] fatal: not a git repository (or any of the parent directories): .git
2023-02-18 14:09:24.381 [info] > git rev-parse --show-toplevel [2ms]
2023-02-18 14:09:24.381 [info] fatal: not a git repository (or any of the parent directories): .git
2023-02-18 14:09:25.556 [info] > git rev-parse --show-toplevel [2ms]
2023-02-18 14:09:25.556 [info] fatal: not a git repository (or any of the parent directories): .git
2023-02-18 14:09:26.434 [info] > git rev-parse --show-toplevel [3ms]
2023-02-18 14:09:26.435 [info] fatal: not a git repository (or any of the parent directories): .git
2023-02-18 14:09:28.110 [info] > git rev-parse --show-toplevel [2ms]
2023-02-18 14:09:28.110 [info] fatal: not a git repository (or any of the parent directories): .git
2023-02-18 14:09:30.722 [info] > git rev-parse --show-toplevel [2ms]
2023-02-18 14:09:30.722 [info] fatal: not a git repository (or any of the parent directories): .git
