2023-02-18 16:57:27.093 [info] Log level: Info
2023-02-18 16:57:27.093 [info] Validating found git in: "git"
2023-02-18 16:57:27.093 [info] Using git "2.35.1" from "git"
2023-02-18 16:57:27.093 [info] > git rev-parse --show-toplevel [42ms]
2023-02-18 16:57:27.093 [info] fatal: not a git repository (or any of the parent directories): .git
2023-02-18 16:57:27.093 [info] > git rev-parse --show-toplevel [26ms]
2023-02-18 16:57:27.093 [info] fatal: not a git repository (or any of the parent directories): .git
2023-02-18 16:57:27.093 [info] > git rev-parse --show-toplevel [44ms]
2023-02-18 16:57:27.093 [info] fatal: not a git repository (or any of the parent directories): .git
2023-02-18 16:57:27.093 [info] > git rev-parse --show-toplevel [49ms]
2023-02-18 16:57:27.093 [info] fatal: not a git repository (or any of the parent directories): .git
2023-02-18 16:57:27.095 [info] > git rev-parse --show-toplevel [28ms]
2023-02-18 16:57:27.095 [info] fatal: not a git repository (or any of the parent directories): .git
2023-02-18 16:57:27.109 [info] > git rev-parse --show-toplevel [4ms]
2023-02-18 16:57:27.109 [info] fatal: not a git repository (or any of the parent directories): .git
2023-02-18 16:57:27.122 [info] > git rev-parse --show-toplevel [4ms]
2023-02-18 16:57:27.123 [info] fatal: not a git repository (or any of the parent directories): .git
2023-02-18 16:57:27.147 [info] > git rev-parse --show-toplevel [5ms]
2023-02-18 16:57:27.147 [info] fatal: not a git repository (or any of the parent directories): .git
2023-02-18 16:57:27.165 [info] > git rev-parse --show-toplevel [3ms]
2023-02-18 16:57:27.165 [info] fatal: not a git repository (or any of the parent directories): .git
2023-02-18 16:57:27.187 [info] > git rev-parse --show-toplevel [7ms]
2023-02-18 16:57:27.187 [info] fatal: not a git repository (or any of the parent directories): .git
2023-02-18 16:57:27.206 [info] > git rev-parse --show-toplevel [6ms]
2023-02-18 16:57:27.206 [info] fatal: not a git repository (or any of the parent directories): .git
2023-02-18 16:57:27.292 [info] > git rev-parse --show-toplevel [2ms]
2023-02-18 16:57:27.292 [info] fatal: not a git repository (or any of the parent directories): .git
2023-02-18 16:57:27.314 [info] > git rev-parse --show-toplevel [3ms]
2023-02-18 16:57:27.314 [info] fatal: not a git repository (or any of the parent directories): .git
2023-02-18 16:57:27.342 [info] > git rev-parse --show-toplevel [3ms]
2023-02-18 16:57:27.342 [info] fatal: not a git repository (or any of the parent directories): .git
2023-02-18 16:57:27.424 [info] > git rev-parse --show-toplevel [73ms]
2023-02-18 16:57:27.424 [info] fatal: not a git repository (or any of the parent directories): .git
2023-02-18 16:57:27.472 [info] > git rev-parse --show-toplevel [13ms]
2023-02-18 16:57:27.472 [info] fatal: not a git repository (or any of the parent directories): .git
2023-02-18 16:57:27.492 [info] > git rev-parse --show-toplevel [3ms]
2023-02-18 16:57:27.492 [info] fatal: not a git repository (or any of the parent directories): .git
2023-02-18 16:57:27.505 [info] > git rev-parse --show-toplevel [3ms]
2023-02-18 16:57:27.505 [info] fatal: not a git repository (or any of the parent directories): .git
2023-02-18 16:57:27.534 [info] > git rev-parse --show-toplevel [2ms]
2023-02-18 16:57:27.535 [info] fatal: not a git repository (or any of the parent directories): .git
2023-02-18 16:57:27.556 [info] > git rev-parse --show-toplevel [4ms]
2023-02-18 16:57:27.556 [info] fatal: not a git repository (or any of the parent directories): .git
2023-02-18 16:57:27.574 [info] > git rev-parse --show-toplevel [7ms]
2023-02-18 16:57:27.574 [info] fatal: not a git repository (or any of the parent directories): .git
2023-02-18 16:57:27.594 [info] > git rev-parse --show-toplevel [4ms]
2023-02-18 16:57:27.594 [info] fatal: not a git repository (or any of the parent directories): .git
2023-02-18 16:57:27.612 [info] > git rev-parse --show-toplevel [4ms]
2023-02-18 16:57:27.612 [info] fatal: not a git repository (or any of the parent directories): .git
2023-02-18 16:57:28.132 [info] > git rev-parse --show-toplevel [3ms]
2023-02-18 16:57:28.133 [info] fatal: not a git repository (or any of the parent directories): .git
2023-02-18 16:57:28.295 [info] > git rev-parse --show-toplevel [2ms]
2023-02-18 16:57:28.295 [info] fatal: not a git repository (or any of the parent directories): .git
2023-02-18 16:57:29.461 [info] > git rev-parse --show-toplevel [4ms]
2023-02-18 16:57:29.461 [info] fatal: not a git repository (or any of the parent directories): .git
2023-02-18 16:57:33.209 [info] > git rev-parse --show-toplevel [4ms]
2023-02-18 16:57:33.209 [info] fatal: not a git repository (or any of the parent directories): .git
2023-02-18 16:57:34.876 [info] > git rev-parse --show-toplevel [2ms]
2023-02-18 16:57:34.877 [info] fatal: not a git repository (or any of the parent directories): .git
2023-02-18 16:57:37.396 [info] > git rev-parse --show-toplevel [3ms]
2023-02-18 16:57:37.396 [info] fatal: not a git repository (or any of the parent directories): .git
2023-02-18 16:57:40.355 [info] > git rev-parse --show-toplevel [3ms]
2023-02-18 16:57:40.356 [info] fatal: not a git repository (or any of the parent directories): .git
2023-02-18 16:57:43.018 [info] > git rev-parse --show-toplevel [3ms]
2023-02-18 16:57:43.018 [info] fatal: not a git repository (or any of the parent directories): .git
2023-02-18 16:57:44.446 [info] > git rev-parse --show-toplevel [1ms]
2023-02-18 16:57:44.446 [info] fatal: not a git repository (or any of the parent directories): .git
2023-02-18 16:57:48.268 [info] > git rev-parse --show-toplevel [6ms]
2023-02-18 16:57:48.268 [info] fatal: not a git repository (or any of the parent directories): .git
2023-02-18 16:57:51.504 [info] > git rev-parse --show-toplevel [2ms]
2023-02-18 16:57:51.504 [info] fatal: not a git repository (or any of the parent directories): .git
2023-02-18 16:57:55.699 [info] > git rev-parse --show-toplevel [2ms]
2023-02-18 16:57:55.699 [info] fatal: not a git repository (or any of the parent directories): .git
2023-02-18 16:58:04.047 [info] > git rev-parse --show-toplevel [2ms]
2023-02-18 16:58:04.047 [info] fatal: not a git repository (or any of the parent directories): .git
2023-02-18 16:58:11.359 [info] > git rev-parse --show-toplevel [2ms]
2023-02-18 16:58:11.359 [info] fatal: not a git repository (or any of the parent directories): .git
2023-02-18 16:58:12.374 [info] > git rev-parse --show-toplevel [3ms]
2023-02-18 16:58:12.374 [info] fatal: not a git repository (or any of the parent directories): .git
2023-02-18 16:58:13.652 [info] > git rev-parse --show-toplevel [2ms]
2023-02-18 16:58:13.652 [info] fatal: not a git repository (or any of the parent directories): .git
2023-02-18 16:59:17.652 [info] > git rev-parse --show-toplevel [3ms]
2023-02-18 16:59:17.652 [info] fatal: not a git repository (or any of the parent directories): .git
2023-02-18 16:59:18.882 [info] > git rev-parse --show-toplevel [2ms]
2023-02-18 16:59:18.882 [info] fatal: not a git repository (or any of the parent directories): .git
2023-02-18 16:59:19.281 [info] > git rev-parse --show-toplevel [2ms]
2023-02-18 16:59:19.281 [info] fatal: not a git repository (or any of the parent directories): .git
2023-02-18 16:59:32.230 [info] > git rev-parse --show-toplevel [3ms]
2023-02-18 16:59:32.230 [info] fatal: not a git repository (or any of the parent directories): .git
2023-02-18 17:06:34.917 [info] > git rev-parse --show-toplevel [41ms]
2023-02-18 17:06:34.918 [info] fatal: not a git repository (or any of the parent directories): .git
2023-02-18 17:08:39.864 [info] > git rev-parse --show-toplevel [3ms]
2023-02-18 17:08:39.864 [info] fatal: not a git repository (or any of the parent directories): .git
2023-02-18 17:15:30.970 [info] > git rev-parse --show-toplevel [4ms]
2023-02-18 17:15:30.970 [info] fatal: not a git repository (or any of the parent directories): .git
2023-02-18 17:15:40.562 [info] > git rev-parse --show-toplevel [2ms]
2023-02-18 17:15:40.563 [info] fatal: not a git repository (or any of the parent directories): .git
2023-02-18 17:16:25.055 [info] > git rev-parse --show-toplevel [2ms]
2023-02-18 17:16:25.055 [info] fatal: not a git repository (or any of the parent directories): .git
2023-02-18 17:17:07.964 [info] > git rev-parse --show-toplevel [3ms]
2023-02-18 17:17:07.964 [info] fatal: not a git repository (or any of the parent directories): .git
2023-02-18 17:17:08.849 [info] > git rev-parse --show-toplevel [3ms]
2023-02-18 17:17:08.849 [info] fatal: not a git repository (or any of the parent directories): .git
