2023-02-18 17:26:12.048 [info] Log level: Info
2023-02-18 17:26:12.048 [info] Validating found git in: "git"
2023-02-18 17:26:12.048 [info] Using git "2.35.1" from "git"
2023-02-18 17:26:12.048 [info] > git rev-parse --show-toplevel [20ms]
2023-02-18 17:26:12.048 [info] fatal: not a git repository (or any of the parent directories): .git
2023-02-18 17:26:12.048 [info] > git rev-parse --show-toplevel [21ms]
2023-02-18 17:26:12.048 [info] fatal: not a git repository (or any of the parent directories): .git
2023-02-18 17:26:12.048 [info] > git rev-parse --show-toplevel [12ms]
2023-02-18 17:26:12.048 [info] fatal: not a git repository (or any of the parent directories): .git
2023-02-18 17:26:12.048 [info] > git rev-parse --show-toplevel [7ms]
2023-02-18 17:26:12.048 [info] fatal: not a git repository (or any of the parent directories): .git
2023-02-18 17:26:12.048 [info] > git rev-parse --show-toplevel [12ms]
2023-02-18 17:26:12.048 [info] fatal: not a git repository (or any of the parent directories): .git
2023-02-18 17:26:12.048 [info] > git rev-parse --show-toplevel [32ms]
2023-02-18 17:26:12.048 [info] fatal: not a git repository (or any of the parent directories): .git
2023-02-18 17:26:12.048 [info] > git rev-parse --show-toplevel [80ms]
2023-02-18 17:26:12.048 [info] fatal: not a git repository (or any of the parent directories): .git
2023-02-18 17:26:12.048 [info] > git rev-parse --show-toplevel [58ms]
2023-02-18 17:26:12.048 [info] fatal: not a git repository (or any of the parent directories): .git
2023-02-18 17:26:12.049 [info] > git rev-parse --show-toplevel [52ms]
2023-02-18 17:26:12.049 [info] fatal: not a git repository (or any of the parent directories): .git
2023-02-18 17:26:12.073 [info] > git rev-parse --show-toplevel [7ms]
2023-02-18 17:26:12.073 [info] fatal: not a git repository (or any of the parent directories): .git
2023-02-18 17:26:12.098 [info] > git rev-parse --show-toplevel [9ms]
2023-02-18 17:26:12.099 [info] fatal: not a git repository (or any of the parent directories): .git
2023-02-18 17:26:12.121 [info] > git rev-parse --show-toplevel [4ms]
2023-02-18 17:26:12.121 [info] fatal: not a git repository (or any of the parent directories): .git
2023-02-18 17:26:12.146 [info] > git rev-parse --show-toplevel [6ms]
2023-02-18 17:26:12.146 [info] fatal: not a git repository (or any of the parent directories): .git
2023-02-18 17:26:12.162 [info] > git rev-parse --show-toplevel [3ms]
2023-02-18 17:26:12.162 [info] fatal: not a git repository (or any of the parent directories): .git
2023-02-18 17:26:12.174 [info] > git rev-parse --show-toplevel [3ms]
2023-02-18 17:26:12.174 [info] fatal: not a git repository (or any of the parent directories): .git
2023-02-18 17:26:12.188 [info] > git rev-parse --show-toplevel [2ms]
2023-02-18 17:26:12.188 [info] fatal: not a git repository (or any of the parent directories): .git
2023-02-18 17:26:12.201 [info] > git rev-parse --show-toplevel [3ms]
2023-02-18 17:26:12.201 [info] fatal: not a git repository (or any of the parent directories): .git
2023-02-18 17:26:12.223 [info] > git rev-parse --show-toplevel [8ms]
2023-02-18 17:26:12.223 [info] fatal: not a git repository (or any of the parent directories): .git
2023-02-18 17:26:12.241 [info] > git rev-parse --show-toplevel [8ms]
2023-02-18 17:26:12.241 [info] fatal: not a git repository (or any of the parent directories): .git
2023-02-18 17:26:12.257 [info] > git rev-parse --show-toplevel [5ms]
2023-02-18 17:26:12.257 [info] fatal: not a git repository (or any of the parent directories): .git
2023-02-18 17:26:12.275 [info] > git rev-parse --show-toplevel [4ms]
2023-02-18 17:26:12.275 [info] fatal: not a git repository (or any of the parent directories): .git
2023-02-18 17:26:12.292 [info] > git rev-parse --show-toplevel [3ms]
2023-02-18 17:26:12.292 [info] fatal: not a git repository (or any of the parent directories): .git
2023-02-18 17:26:12.319 [info] > git rev-parse --show-toplevel [12ms]
2023-02-18 17:26:12.320 [info] fatal: not a git repository (or any of the parent directories): .git
2023-02-18 17:26:12.340 [info] > git rev-parse --show-toplevel [8ms]
2023-02-18 17:26:12.341 [info] fatal: not a git repository (or any of the parent directories): .git
2023-02-18 17:26:12.487 [info] > git rev-parse --show-toplevel [21ms]
2023-02-18 17:26:12.487 [info] fatal: not a git repository (or any of the parent directories): .git
2023-02-18 17:26:13.296 [info] > git rev-parse --show-toplevel [2ms]
2023-02-18 17:26:13.296 [info] fatal: not a git repository (or any of the parent directories): .git
2023-02-18 17:26:13.622 [info] > git rev-parse --show-toplevel [5ms]
2023-02-18 17:26:13.622 [info] fatal: not a git repository (or any of the parent directories): .git
2023-02-18 17:26:13.833 [info] > git rev-parse --show-toplevel [4ms]
2023-02-18 17:26:13.833 [info] fatal: not a git repository (or any of the parent directories): .git
2023-02-18 17:26:14.880 [info] > git rev-parse --show-toplevel [6ms]
2023-02-18 17:26:14.881 [info] fatal: not a git repository (or any of the parent directories): .git
2023-02-18 17:26:22.224 [info] > git rev-parse --show-toplevel [2ms]
2023-02-18 17:26:22.224 [info] fatal: not a git repository (or any of the parent directories): .git
2023-02-18 17:35:51.685 [info] > git rev-parse --show-toplevel [2ms]
2023-02-18 17:35:51.685 [info] fatal: not a git repository (or any of the parent directories): .git
2023-02-18 17:35:52.666 [info] > git rev-parse --show-toplevel [4ms]
2023-02-18 17:35:52.666 [info] fatal: not a git repository (or any of the parent directories): .git
2023-02-18 17:35:56.796 [info] > git rev-parse --show-toplevel [4ms]
2023-02-18 17:35:56.796 [info] fatal: not a git repository (or any of the parent directories): .git
2023-02-18 17:36:15.515 [info] > git rev-parse --show-toplevel [4ms]
2023-02-18 17:36:15.515 [info] fatal: not a git repository (or any of the parent directories): .git
2023-02-18 17:37:55.154 [info] > git rev-parse --show-toplevel [2ms]
2023-02-18 17:37:55.154 [info] fatal: not a git repository (or any of the parent directories): .git
2023-02-18 17:37:57.604 [info] > git rev-parse --show-toplevel [3ms]
2023-02-18 17:37:57.605 [info] fatal: not a git repository (or any of the parent directories): .git
2023-02-18 17:37:58.797 [info] > git rev-parse --show-toplevel [6ms]
2023-02-18 17:37:58.797 [info] fatal: not a git repository (or any of the parent directories): .git
2023-02-18 17:37:59.320 [info] > git rev-parse --show-toplevel [3ms]
2023-02-18 17:37:59.320 [info] fatal: not a git repository (or any of the parent directories): .git
2023-02-18 17:38:06.187 [info] > git rev-parse --show-toplevel [1ms]
2023-02-18 17:38:06.187 [info] fatal: not a git repository (or any of the parent directories): .git
2023-02-18 17:38:07.552 [info] > git rev-parse --show-toplevel [2ms]
2023-02-18 17:38:07.552 [info] fatal: not a git repository (or any of the parent directories): .git
2023-02-18 17:38:09.337 [info] > git rev-parse --show-toplevel [3ms]
2023-02-18 17:38:09.337 [info] fatal: not a git repository (or any of the parent directories): .git
2023-02-18 17:38:15.073 [info] > git rev-parse --show-toplevel [2ms]
2023-02-18 17:38:15.073 [info] fatal: not a git repository (or any of the parent directories): .git
2023-02-18 17:38:23.946 [info] > git rev-parse --show-toplevel [3ms]
2023-02-18 17:38:23.946 [info] fatal: not a git repository (or any of the parent directories): .git
2023-02-18 17:38:36.827 [info] > git rev-parse --show-toplevel [3ms]
2023-02-18 17:38:36.827 [info] fatal: not a git repository (or any of the parent directories): .git
2023-02-18 17:38:39.738 [info] > git rev-parse --show-toplevel [2ms]
2023-02-18 17:38:39.738 [info] fatal: not a git repository (or any of the parent directories): .git
2023-02-18 17:38:41.986 [info] > git rev-parse --show-toplevel [3ms]
2023-02-18 17:38:41.987 [info] fatal: not a git repository (or any of the parent directories): .git
2023-02-18 17:38:43.602 [info] > git rev-parse --show-toplevel [3ms]
2023-02-18 17:38:43.602 [info] fatal: not a git repository (or any of the parent directories): .git
2023-02-18 17:38:44.609 [info] > git rev-parse --show-toplevel [2ms]
2023-02-18 17:38:44.609 [info] fatal: not a git repository (or any of the parent directories): .git
2023-02-18 17:38:47.885 [info] > git rev-parse --show-toplevel [4ms]
2023-02-18 17:38:47.886 [info] fatal: not a git repository (or any of the parent directories): .git
2023-02-18 17:38:49.872 [info] > git rev-parse --show-toplevel [6ms]
2023-02-18 17:38:49.872 [info] fatal: not a git repository (or any of the parent directories): .git
2023-02-18 17:38:55.696 [info] > git rev-parse --show-toplevel [3ms]
2023-02-18 17:38:55.696 [info] fatal: not a git repository (or any of the parent directories): .git
2023-02-18 17:38:58.775 [info] > git rev-parse --show-toplevel [3ms]
2023-02-18 17:38:58.775 [info] fatal: not a git repository (or any of the parent directories): .git
2023-02-18 17:39:01.410 [info] > git rev-parse --show-toplevel [4ms]
2023-02-18 17:39:01.411 [info] fatal: not a git repository (or any of the parent directories): .git
2023-02-18 17:39:02.276 [info] > git rev-parse --show-toplevel [3ms]
2023-02-18 17:39:02.276 [info] fatal: not a git repository (or any of the parent directories): .git
2023-02-18 17:39:03.511 [info] > git rev-parse --show-toplevel [4ms]
2023-02-18 17:39:03.511 [info] fatal: not a git repository (or any of the parent directories): .git
2023-02-18 17:39:12.531 [info] > git rev-parse --show-toplevel [2ms]
2023-02-18 17:39:12.531 [info] fatal: not a git repository (or any of the parent directories): .git
2023-02-18 17:39:14.034 [info] > git rev-parse --show-toplevel [1ms]
2023-02-18 17:39:14.034 [info] fatal: not a git repository (or any of the parent directories): .git
2023-02-18 17:39:28.940 [info] > git rev-parse --show-toplevel [2ms]
2023-02-18 17:39:28.940 [info] fatal: not a git repository (or any of the parent directories): .git
2023-02-18 17:39:33.221 [info] > git rev-parse --show-toplevel [4ms]
2023-02-18 17:39:33.221 [info] fatal: not a git repository (or any of the parent directories): .git
