2023-02-18 15:36:38.008 [info] Log level: Info
2023-02-18 15:36:38.008 [info] Validating found git in: "git"
2023-02-18 15:36:38.008 [info] Using git "2.35.1" from "git"
2023-02-18 15:36:38.008 [info] > git rev-parse --show-toplevel [22ms]
2023-02-18 15:36:38.008 [info] fatal: not a git repository (or any of the parent directories): .git
2023-02-18 15:36:38.008 [info] > git rev-parse --show-toplevel [35ms]
2023-02-18 15:36:38.008 [info] fatal: not a git repository (or any of the parent directories): .git
2023-02-18 15:36:38.025 [info] > git rev-parse --show-toplevel [31ms]
2023-02-18 15:36:38.025 [info] fatal: not a git repository (or any of the parent directories): .git
2023-02-18 15:36:38.047 [info] > git rev-parse --show-toplevel [4ms]
2023-02-18 15:36:38.048 [info] fatal: not a git repository (or any of the parent directories): .git
2023-02-18 15:36:38.135 [info] > git rev-parse --show-toplevel [63ms]
2023-02-18 15:36:38.135 [info] fatal: not a git repository (or any of the parent directories): .git
2023-02-18 15:36:38.198 [info] > git rev-parse --show-toplevel [42ms]
2023-02-18 15:36:38.199 [info] fatal: not a git repository (or any of the parent directories): .git
2023-02-18 15:36:38.276 [info] > git rev-parse --show-toplevel [42ms]
2023-02-18 15:36:38.276 [info] fatal: not a git repository (or any of the parent directories): .git
2023-02-18 15:36:38.311 [info] > git rev-parse --show-toplevel [10ms]
2023-02-18 15:36:38.311 [info] fatal: not a git repository (or any of the parent directories): .git
2023-02-18 15:36:38.338 [info] > git rev-parse --show-toplevel [10ms]
2023-02-18 15:36:38.338 [info] fatal: not a git repository (or any of the parent directories): .git
2023-02-18 15:36:38.363 [info] > git rev-parse --show-toplevel [7ms]
2023-02-18 15:36:38.363 [info] fatal: not a git repository (or any of the parent directories): .git
2023-02-18 15:36:38.389 [info] > git rev-parse --show-toplevel [7ms]
2023-02-18 15:36:38.389 [info] fatal: not a git repository (or any of the parent directories): .git
2023-02-18 15:36:38.423 [info] > git rev-parse --show-toplevel [7ms]
2023-02-18 15:36:38.423 [info] fatal: not a git repository (or any of the parent directories): .git
2023-02-18 15:36:38.445 [info] > git rev-parse --show-toplevel [6ms]
2023-02-18 15:36:38.445 [info] fatal: not a git repository (or any of the parent directories): .git
2023-02-18 15:36:38.471 [info] > git rev-parse --show-toplevel [10ms]
2023-02-18 15:36:38.471 [info] fatal: not a git repository (or any of the parent directories): .git
2023-02-18 15:36:38.494 [info] > git rev-parse --show-toplevel [6ms]
2023-02-18 15:36:38.494 [info] fatal: not a git repository (or any of the parent directories): .git
2023-02-18 15:36:38.517 [info] > git rev-parse --show-toplevel [7ms]
2023-02-18 15:36:38.517 [info] fatal: not a git repository (or any of the parent directories): .git
2023-02-18 15:36:38.548 [info] > git rev-parse --show-toplevel [3ms]
2023-02-18 15:36:38.548 [info] fatal: not a git repository (or any of the parent directories): .git
2023-02-18 15:36:38.568 [info] > git rev-parse --show-toplevel [6ms]
2023-02-18 15:36:38.569 [info] fatal: not a git repository (or any of the parent directories): .git
2023-02-18 15:36:38.871 [info] > git rev-parse --show-toplevel [8ms]
2023-02-18 15:36:38.871 [info] fatal: not a git repository (or any of the parent directories): .git
2023-02-18 15:36:39.448 [info] > git rev-parse --show-toplevel [3ms]
2023-02-18 15:36:39.448 [info] fatal: not a git repository (or any of the parent directories): .git
2023-02-18 15:36:41.404 [info] > git rev-parse --show-toplevel [3ms]
2023-02-18 15:36:41.404 [info] fatal: not a git repository (or any of the parent directories): .git
2023-02-18 15:36:41.532 [info] > git rev-parse --show-toplevel [3ms]
2023-02-18 15:36:41.532 [info] fatal: not a git repository (or any of the parent directories): .git
2023-02-18 15:36:41.957 [info] > git rev-parse --show-toplevel [3ms]
2023-02-18 15:36:41.958 [info] fatal: not a git repository (or any of the parent directories): .git
2023-02-18 15:36:46.337 [info] > git rev-parse --show-toplevel [2ms]
2023-02-18 15:36:46.337 [info] fatal: not a git repository (or any of the parent directories): .git
2023-02-18 15:46:13.597 [info] > git rev-parse --show-toplevel [4ms]
2023-02-18 15:46:13.597 [info] fatal: not a git repository (or any of the parent directories): .git
2023-02-18 15:46:15.696 [info] > git rev-parse --show-toplevel [4ms]
2023-02-18 15:46:15.696 [info] fatal: not a git repository (or any of the parent directories): .git
2023-02-18 15:46:16.628 [info] > git rev-parse --show-toplevel [4ms]
2023-02-18 15:46:16.628 [info] fatal: not a git repository (or any of the parent directories): .git
2023-02-18 15:46:17.498 [info] > git rev-parse --show-toplevel [4ms]
2023-02-18 15:46:17.498 [info] fatal: not a git repository (or any of the parent directories): .git
2023-02-18 15:46:18.504 [info] > git rev-parse --show-toplevel [4ms]
2023-02-18 15:46:18.504 [info] fatal: not a git repository (or any of the parent directories): .git
2023-02-18 15:46:47.330 [info] > git rev-parse --show-toplevel [2ms]
2023-02-18 15:46:47.330 [info] fatal: not a git repository (or any of the parent directories): .git
2023-02-18 15:46:50.266 [info] > git rev-parse --show-toplevel [1ms]
2023-02-18 15:46:50.266 [info] fatal: not a git repository (or any of the parent directories): .git
2023-02-18 15:46:52.266 [info] > git rev-parse --show-toplevel [2ms]
2023-02-18 15:46:52.267 [info] fatal: not a git repository (or any of the parent directories): .git
2023-02-18 15:50:27.013 [info] > git rev-parse --show-toplevel [5ms]
2023-02-18 15:50:27.013 [info] fatal: not a git repository (or any of the parent directories): .git
2023-02-18 15:50:49.104 [info] > git rev-parse --show-toplevel [3ms]
2023-02-18 15:50:49.104 [info] fatal: not a git repository (or any of the parent directories): .git
2023-02-18 15:52:37.586 [info] > git rev-parse --show-toplevel [3ms]
2023-02-18 15:52:37.586 [info] fatal: not a git repository (or any of the parent directories): .git
2023-02-18 15:54:20.197 [info] > git rev-parse --show-toplevel [3ms]
2023-02-18 15:54:20.197 [info] fatal: not a git repository (or any of the parent directories): .git
2023-02-18 15:54:27.414 [info] > git rev-parse --show-toplevel [3ms]
2023-02-18 15:54:27.414 [info] fatal: not a git repository (or any of the parent directories): .git
2023-02-18 15:56:25.957 [info] > git rev-parse --show-toplevel [3ms]
2023-02-18 15:56:25.958 [info] fatal: not a git repository (or any of the parent directories): .git
2023-02-18 15:56:42.194 [info] > git rev-parse --show-toplevel [3ms]
2023-02-18 15:56:42.194 [info] fatal: not a git repository (or any of the parent directories): .git
